<?xml version="1.0" encoding="UTF-8"?>
<coverage generated="1613669222208" clover="3.2.0">
  <project timestamp="1613669222208" name="All files">
    <metrics statements="34" coveredstatements="34" conditionals="28" coveredconditionals="26" methods="4" coveredmethods="4" elements="66" coveredelements="64" complexity="0" loc="34" ncloc="34" packages="1" files="1" classes="1"/>
    <file name="index.js" path="/Users/macboock/Documents/Programming/Lessons/Node JS/Node JS course by Lectrum/1 node/nodejs_homework/lesson-8/task-1/index.js">
      <metrics statements="34" coveredstatements="34" conditionals="28" coveredconditionals="26" methods="4" coveredmethods="4"/>
      <line num="1" count="2" type="stmt"/>
      <line num="2" count="10" type="stmt"/>
      <line num="3" count="10" type="cond" truecount="2" falsecount="0"/>
      <line num="4" count="1" type="stmt"/>
      <line num="7" count="9" type="cond" truecount="2" falsecount="0"/>
      <line num="8" count="1" type="stmt"/>
      <line num="11" count="8" type="cond" truecount="2" falsecount="0"/>
      <line num="12" count="1" type="stmt"/>
      <line num="15" count="7" type="cond" truecount="2" falsecount="0"/>
      <line num="16" count="1" type="stmt"/>
      <line num="19" count="6" type="cond" truecount="2" falsecount="0"/>
      <line num="20" count="1" type="stmt"/>
      <line num="23" count="5" type="cond" truecount="2" falsecount="0"/>
      <line num="24" count="1" type="stmt"/>
      <line num="27" count="4" type="cond" truecount="2" falsecount="0"/>
      <line num="28" count="1" type="stmt"/>
      <line num="31" count="3" type="cond" truecount="2" falsecount="0"/>
      <line num="32" count="1" type="stmt"/>
      <line num="35" count="2" type="cond" truecount="2" falsecount="0"/>
      <line num="36" count="1" type="stmt"/>
      <line num="39" count="1" type="cond" truecount="1" falsecount="1"/>
      <line num="40" count="1" type="stmt"/>
      <line num="44" count="2" type="stmt"/>
      <line num="45" count="4" type="stmt"/>
      <line num="55" count="4" type="stmt"/>
      <line num="56" count="4" type="cond" truecount="4" falsecount="0"/>
      <line num="57" count="14" type="stmt"/>
      <line num="59" count="2" type="cond" truecount="1" falsecount="1"/>
      <line num="60" count="2" type="stmt"/>
      <line num="65" count="8" type="stmt"/>
      <line num="67" count="2" type="cond" truecount="2" falsecount="0"/>
      <line num="68" count="1" type="stmt"/>
      <line num="72" count="1" type="stmt"/>
      <line num="78" count="2" type="stmt"/>
    </file>
  </project>
</coverage>
